2025-07-06 22:19:12,398 - INFO - 🔍 Найдено 142 PDF файлов
2025-07-06 22:19:12,400 - INFO - 🔄 Обрабатываем: CF SAGA .pdf
2025-07-06 22:19:12,400 - INFO - 🔄 Обрабатываем: CF MORPHO.pdf
2025-07-06 22:19:12,400 - INFO - 🔄 Обрабатываем: CF MATH .pdf
2025-07-06 22:19:12,402 - INFO - 🔄 Обрабатываем: CF AAVE.pdf
2025-07-06 22:19:12,609 - INFO - ✅ Готово: CF MATH .pdf (0.17s)
2025-07-06 22:19:12,731 - INFO - 🔄 Обрабатываем: CF PUFFER .pdf
2025-07-06 22:19:12,905 - INFO - ✅ Готово: CF SAGA .pdf (0.46s)
2025-07-06 22:19:12,948 - INFO - ✅ Готово: CF MORPHO.pdf (0.48s)
2025-07-06 22:19:12,951 - INFO - 🔄 Обрабатываем: CF MAPLE .pdf
2025-07-06 22:19:12,976 - INFO - 🔄 Обрабатываем: CF movement.pdf
2025-07-06 22:19:13,068 - INFO - ✅ Готово: CF AAVE.pdf (0.62s)
2025-07-06 22:19:13,096 - INFO - ✅ Готово: CF PUFFER .pdf (0.34s)
2025-07-06 22:19:13,131 - INFO - 🔄 Обрабатываем: CF YGG 04-25.pdf
2025-07-06 22:19:13,189 - INFO - 🔄 Обрабатываем: CF TON.pdf
2025-07-06 22:19:13,491 - INFO - ✅ Готово: CF movement.pdf (0.50s)
2025-07-06 22:19:13,517 - INFO - ✅ Готово: CF TON.pdf (0.27s)
2025-07-06 22:19:13,517 - INFO - 🔄 Обрабатываем: CF ENA.pdf
2025-07-06 22:19:13,610 - INFO - 🔄 Обрабатываем: CF IO.pdf
2025-07-06 22:19:13,684 - INFO - ✅ Готово: CF MAPLE .pdf (0.72s)
2025-07-06 22:19:13,709 - INFO - 🔄 Обрабатываем: CF VECHAIN.pdf
2025-07-06 22:19:13,818 - INFO - ✅ Готово: CF IO.pdf (0.19s)
2025-07-06 22:19:13,826 - INFO - 🔄 Обрабатываем: AXL CFA .pdf
2025-07-06 22:19:13,907 - INFO - ✅ Готово: CF YGG 04-25.pdf (0.75s)
2025-07-06 22:19:13,907 - INFO - 🔄 Обрабатываем: CF GRAPH .pdf
2025-07-06 22:19:13,971 - INFO - ✅ Готово: CF ENA.pdf (0.41s)
2025-07-06 22:19:13,985 - INFO - ✅ Готово: AXL CFA .pdf (0.12s)
2025-07-06 22:19:14,026 - INFO - 🔄 Обрабатываем: CF ARKHAM 03-25.pdf
2025-07-06 22:19:14,026 - INFO - ✅ Готово: CF VECHAIN.pdf (0.26s)
2025-07-06 22:19:14,065 - INFO - 🔄 Обрабатываем: CF ZKJ 25 renew.pdf
2025-07-06 22:19:14,117 - INFO - 🔄 Обрабатываем: CF Berachain 03-25.pdf
2025-07-06 22:19:14,379 - INFO - ✅ Готово: CF GRAPH .pdf (0.42s)
2025-07-06 22:19:14,469 - INFO - 🔄 Обрабатываем: CF ATH AETHIR.pdf
2025-07-06 22:19:14,625 - INFO - ✅ Готово: CF ARKHAM 03-25.pdf (0.55s)
2025-07-06 22:19:14,632 - INFO - 🔄 Обрабатываем: CF OP (аналитика) Optimism.pdf
2025-07-06 22:19:14,638 - INFO - ✅ Готово: CF ZKJ 25 renew.pdf (0.52s)
2025-07-06 22:19:14,653 - INFO - ✅ Готово: CF Berachain 03-25.pdf (0.51s)
2025-07-06 22:19:14,661 - INFO - 🔄 Обрабатываем: CF SEI 03-03-25.pdf
2025-07-06 22:19:14,680 - INFO - 🔄 Обрабатываем: CF Aleo.pdf
2025-07-06 22:19:14,694 - INFO - ✅ Готово: CF ATH AETHIR.pdf (0.22s)
2025-07-06 22:19:14,756 - INFO - 🔄 Обрабатываем: Волновой Анализ Эллиота.pdf
2025-07-06 22:19:14,761 - INFO - ✅ Готово: CF OP (аналитика) Optimism.pdf (0.10s)
2025-07-06 22:19:14,797 - INFO - 🔄 Обрабатываем: CF USUAL .pdf
2025-07-06 22:19:14,803 - INFO - ✅ Готово: CF SEI 03-03-25.pdf (0.11s)
2025-07-06 22:19:14,875 - INFO - 🔄 Обрабатываем: CF EIGEN + SEI. + Сравнение моделей. .pdf
2025-07-06 22:19:14,904 - INFO - ✅ Готово: CF Aleo.pdf (0.17s)
2025-07-06 22:19:14,970 - INFO - 🔄 Обрабатываем: CF  AVAX .pdf
2025-07-06 22:19:15,137 - INFO - ✅ Готово: CF USUAL .pdf (0.28s)
2025-07-06 22:19:15,153 - INFO - 🔄 Обрабатываем: CF Wormhole 2.pdf
2025-07-06 22:19:15,393 - INFO - ✅ Готово: CF EIGEN + SEI. + Сравнение моделей. .pdf (0.42s)
2025-07-06 22:19:15,424 - INFO - 🔄 Обрабатываем: CF HONEY .pdf
2025-07-06 22:19:15,611 - INFO - ✅ Готово: CF  AVAX .pdf (0.57s)
2025-07-06 22:19:15,637 - INFO - 🔄 Обрабатываем: CF ICP renew25.pdf
2025-07-06 22:19:15,664 - INFO - ✅ Готово: CF Wormhole 2.pdf (0.50s)
2025-07-06 22:19:15,741 - INFO - 🔄 Обрабатываем: CF ONDO .pdf
2025-07-06 22:19:16,083 - INFO - ✅ Готово: CF HONEY .pdf (0.62s)
2025-07-06 22:19:16,096 - INFO - ✅ Готово: Волновой Анализ Эллиота.pdf (1.31s)
2025-07-06 22:19:16,096 - INFO - 🔄 Обрабатываем: CF PARCELS .pdf
2025-07-06 22:19:16,097 - INFO - ✅ Готово: CF ONDO .pdf (0.32s)
2025-07-06 22:19:16,112 - INFO - 🔄 Обрабатываем: CF HNT renew25.pdf
2025-07-06 22:19:16,119 - INFO - 🔄 Обрабатываем: CF layer Zero G1.pdf
2025-07-06 22:19:16,197 - INFO - ✅ Готово: CF ICP renew25.pdf (0.48s)
2025-07-06 22:19:16,266 - INFO - 🔄 Обрабатываем: CF Casper .pdf
2025-07-06 22:19:16,495 - INFO - ✅ Готово: CF PARCELS .pdf (0.40s)
2025-07-06 22:19:16,496 - INFO - ✅ Готово: CF Casper .pdf (0.22s)
2025-07-06 22:19:16,496 - INFO - 🔄 Обрабатываем: CF Stellar.pdf
2025-07-06 22:19:16,496 - INFO - ✅ Готово: CF layer Zero G1.pdf (0.35s)
2025-07-06 22:19:16,496 - INFO - 🔄 Обрабатываем: CF FETCH AI.pdf
2025-07-06 22:19:16,497 - INFO - ✅ Готово: CF HNT renew25.pdf (0.38s)
2025-07-06 22:19:16,524 - INFO - 🔄 Обрабатываем: CF Drift.pdf
2025-07-06 22:19:16,549 - INFO - 🔄 Обрабатываем: CF Centrifuge.pdf
2025-07-06 22:19:16,683 - INFO - ✅ Готово: CF Stellar.pdf (0.19s)
2025-07-06 22:19:16,705 - INFO - 🔄 Обрабатываем: CF Nillion.pdf
2025-07-06 22:19:16,721 - INFO - ✅ Готово: CF Drift.pdf (0.16s)
2025-07-06 22:19:16,772 - INFO - ✅ Готово: CF FETCH AI.pdf (0.25s)
2025-07-06 22:19:16,787 - INFO - 🔄 Обрабатываем: CF MONAD .pdf
2025-07-06 22:19:16,870 - INFO - 🔄 Обрабатываем: CF Harmony.pdf
2025-07-06 22:19:17,118 - INFO - ✅ Готово: CF Harmony.pdf (0.24s)
2025-07-06 22:19:17,119 - INFO - 🔄 Обрабатываем: HR4763.pdf
2025-07-06 22:19:17,177 - INFO - ✅ Готово: CF Nillion.pdf (0.46s)
2025-07-06 22:19:17,215 - INFO - 🔄 Обрабатываем: CF Rarible ($RARI) .pdf
2025-07-06 22:19:17,215 - INFO - ✅ Готово: CF Centrifuge.pdf (0.63s)
2025-07-06 22:19:17,253 - INFO - ✅ Готово: CF MONAD .pdf (0.40s)
2025-07-06 22:19:17,285 - INFO - 🔄 Обрабатываем: CF IRON FISH .pdf
2025-07-06 22:19:17,297 - INFO - 🔄 Обрабатываем: CF OMNI NETWORK (общий взгляд).pdf
2025-07-06 22:19:17,347 - INFO - ✅ Готово: CF Rarible ($RARI) .pdf (0.11s)
2025-07-06 22:19:17,403 - INFO - 🔄 Обрабатываем: CF Pendle.pdf
2025-07-06 22:19:17,611 - INFO - ✅ Готово: CF IRON FISH .pdf (0.29s)
2025-07-06 22:19:17,657 - INFO - 🔄 Обрабатываем: CF Sahara.pdf
2025-07-06 22:19:17,853 - INFO - ✅ Готово: CF OMNI NETWORK (общий взгляд).pdf (0.53s)
2025-07-06 22:19:17,915 - INFO - 🔄 Обрабатываем: CF OBOL .pdf
2025-07-06 22:19:17,964 - INFO - ✅ Готово: CF Pendle.pdf (0.51s)
2025-07-06 22:19:18,067 - INFO - 🔄 Обрабатываем: CF SCALOOP .pdf
2025-07-06 22:19:18,185 - INFO - ✅ Готово: CF Sahara.pdf (0.47s)
2025-07-06 22:19:18,273 - INFO - 🔄 Обрабатываем: CF JUPITER .pdf
2025-07-06 22:19:18,548 - INFO - ✅ Готово: CF OBOL .pdf (0.57s)
2025-07-06 22:19:18,576 - INFO - 🔄 Обрабатываем: CF APTOS  001.pdf
2025-07-06 22:19:18,589 - INFO - ✅ Готово: CF SCALOOP .pdf (0.44s)
2025-07-06 22:19:18,699 - INFO - 🔄 Обрабатываем: CF ATH AETHIR .pdf
2025-07-06 22:19:18,861 - INFO - ✅ Готово: CF JUPITER .pdf (0.54s)
2025-07-06 22:19:18,862 - INFO - ✅ Готово: CF ATH AETHIR .pdf (0.15s)
2025-07-06 22:19:18,864 - INFO - 🔄 Обрабатываем: CF CUDIS .pdf
2025-07-06 22:19:18,864 - INFO - 🔄 Обрабатываем: CF ZENTRY.pdf
2025-07-06 22:19:18,872 - INFO - ✅ Готово: CF APTOS  001.pdf (0.28s)
2025-07-06 22:19:18,954 - INFO - 🔄 Обрабатываем: CF DMAIL .pdf
2025-07-06 22:19:19,016 - INFO - ✅ Готово: HR4763.pdf (1.85s)
2025-07-06 22:19:19,069 - INFO - 🔄 Обрабатываем: CF ZEUS.pdf
2025-07-06 22:19:19,421 - INFO - ✅ Готово: CF CUDIS .pdf (0.50s)
2025-07-06 22:19:19,429 - INFO - 🔄 Обрабатываем: CF SONIC (FTM).pdf
2025-07-06 22:19:19,430 - INFO - ✅ Готово: CF ZENTRY.pdf (0.54s)
2025-07-06 22:19:19,451 - INFO - 🔄 Обрабатываем: CF APTOS .pdf
2025-07-06 22:19:19,536 - INFO - ✅ Готово: CF ZEUS.pdf (0.44s)
2025-07-06 22:19:19,574 - INFO - ✅ Готово: CF DMAIL .pdf (0.60s)
2025-07-06 22:19:19,582 - INFO - 🔄 Обрабатываем: CF VANA .pdf
2025-07-06 22:19:19,599 - INFO - 🔄 Обрабатываем: CF CAPS.pdf
2025-07-06 22:19:19,705 - INFO - ✅ Готово: CF APTOS .pdf (0.21s)
2025-07-06 22:19:19,727 - INFO - 🔄 Обрабатываем: CF Puffer.pdf
2025-07-06 22:19:19,741 - INFO - ✅ Готово: CF SONIC (FTM).pdf (0.25s)
2025-07-06 22:19:19,795 - INFO - 🔄 Обрабатываем: CF CELO (первый взгляд).pdf
2025-07-06 22:19:19,926 - INFO - ✅ Готово: CF CAPS.pdf (0.29s)
2025-07-06 22:19:19,974 - INFO - 🔄 Обрабатываем: CF BABYLON CHAIN .pdf
2025-07-06 22:19:20,322 - INFO - ✅ Готово: CF VANA .pdf (0.71s)
2025-07-06 22:19:20,323 - INFO - ✅ Готово: CF Puffer.pdf (0.58s)
2025-07-06 22:19:20,323 - INFO - 🔄 Обрабатываем: CF HORIZEN.pdf
2025-07-06 22:19:20,323 - INFO - ✅ Готово: CF CELO (первый взгляд).pdf (0.52s)
2025-07-06 22:19:20,323 - INFO - 🔄 Обрабатываем: CF SCROLL .pdf
2025-07-06 22:19:20,335 - INFO - 🔄 Обрабатываем: CF Chia 02-03-2025.pdf
2025-07-06 22:19:20,342 - INFO - ✅ Готово: CF BABYLON CHAIN .pdf (0.33s)
2025-07-06 22:19:20,394 - INFO - 🔄 Обрабатываем: CF CXT SPACE AND TIME.pdf
2025-07-06 22:19:20,471 - INFO - ✅ Готово: CF HORIZEN.pdf (0.11s)
2025-07-06 22:19:20,558 - INFO - 🔄 Обрабатываем: CF Ronin ($RON) .pdf
2025-07-06 22:19:20,848 - INFO - ✅ Готово: CF Ronin ($RON) .pdf (0.25s)
2025-07-06 22:19:20,874 - INFO - 🔄 Обрабатываем: CF PLUME.pdf
2025-07-06 22:19:20,954 - INFO - ✅ Готово: CF Chia 02-03-2025.pdf (0.58s)
2025-07-06 22:19:20,974 - INFO - ✅ Готово: CF CXT SPACE AND TIME.pdf (0.54s)
2025-07-06 22:19:20,975 - INFO - 🔄 Обрабатываем: CF APE CHAIN .pdf
2025-07-06 22:19:20,975 - INFO - 🔄 Обрабатываем: CF LogX Network.pdf
2025-07-06 22:19:20,975 - INFO - ✅ Готово: CF SCROLL .pdf (0.64s)
2025-07-06 22:19:21,034 - INFO - 🔄 Обрабатываем: CF GIZA .pdf
2025-07-06 22:19:21,077 - INFO - ✅ Готово: CF PLUME.pdf (0.16s)
2025-07-06 22:19:21,112 - INFO - 🔄 Обрабатываем: CF FUEL 03-25.pdf
2025-07-06 22:19:21,124 - INFO - ✅ Готово: CF LogX Network.pdf (0.11s)
2025-07-06 22:19:21,179 - INFO - 🔄 Обрабатываем: CF IOTA.pdf
2025-07-06 22:19:21,237 - INFO - ✅ Готово: CF APE CHAIN .pdf (0.25s)
2025-07-06 22:19:21,282 - INFO - 🔄 Обрабатываем: CF ARK .pdf
2025-07-06 22:19:21,555 - INFO - ✅ Готово: CF FUEL 03-25.pdf (0.41s)
2025-07-06 22:19:21,556 - INFO - ✅ Готово: CF GIZA .pdf (0.51s)
2025-07-06 22:19:21,556 - INFO - 🔄 Обрабатываем: Cf Layer Zero  G02.pdf
2025-07-06 22:19:21,570 - INFO - 🔄 Обрабатываем: CF Internet Computer 2023.pdf
2025-07-06 22:19:21,570 - INFO - ✅ Готово: CF ARK .pdf (0.26s)
2025-07-06 22:19:21,621 - INFO - ✅ Готово: CF IOTA.pdf (0.41s)
2025-07-06 22:19:21,621 - INFO - 🔄 Обрабатываем: CF Polyhedra.pdf
2025-07-06 22:19:21,630 - INFO - 🔄 Обрабатываем: CF RONIN 2025 + RENEW.pdf
2025-07-06 22:19:21,760 - INFO - ✅ Готово: CF Internet Computer 2023.pdf (0.14s)
2025-07-06 22:19:21,784 - INFO - 🔄 Обрабатываем: CF Starknet.pdf
2025-07-06 22:19:21,790 - INFO - ✅ Готово: CF Polyhedra.pdf (0.14s)
2025-07-06 22:19:21,896 - INFO - ✅ Готово: Cf Layer Zero  G02.pdf (0.30s)
2025-07-06 22:19:21,910 - INFO - 🔄 Обрабатываем: CF NEAR PROTOCOl.pdf
2025-07-06 22:19:21,956 - INFO - 🔄 Обрабатываем: CF Stargate.pdf
2025-07-06 22:19:22,211 - INFO - ✅ Готово: CF Stargate.pdf (0.23s)
2025-07-06 22:19:22,266 - INFO - 🔄 Обрабатываем: CF Parcl.pdf
2025-07-06 22:19:22,539 - INFO - ✅ Готово: CF NEAR PROTOCOl.pdf (0.61s)
2025-07-06 22:19:22,562 - INFO - ✅ Готово: CF Starknet.pdf (0.73s)
2025-07-06 22:19:22,582 - INFO - 🔄 Обрабатываем: CF LOKA .pdf
2025-07-06 22:19:22,590 - INFO - ✅ Готово: CF Parcl.pdf (0.25s)
2025-07-06 22:19:22,602 - INFO - 🔄 Обрабатываем: CF GRASS.pdf
2025-07-06 22:19:22,747 - INFO - 🔄 Обрабатываем: CF Autowhale.pdf
2025-07-06 22:19:22,796 - INFO - ✅ Готово: CF LOKA .pdf (0.13s)
2025-07-06 22:19:22,875 - INFO - 🔄 Обрабатываем: CF SOLAYER .pdf
2025-07-06 22:19:22,896 - INFO - ✅ Готово: CF RONIN 2025 + RENEW.pdf (1.17s)
2025-07-06 22:19:22,968 - INFO - 🔄 Обрабатываем: CF ABSTRACT .pdf
2025-07-06 22:19:23,130 - INFO - ✅ Готово: CF Autowhale.pdf (0.35s)
2025-07-06 22:19:23,157 - INFO - 🔄 Обрабатываем: CF WORLD COIN.pdf
2025-07-06 22:19:23,577 - INFO - ✅ Готово: CF SOLAYER .pdf (0.67s)
2025-07-06 22:19:23,606 - INFO - 🔄 Обрабатываем: CF Celestia.pdf
2025-07-06 22:19:23,695 - INFO - ✅ Готово: CF ABSTRACT .pdf (0.70s)
2025-07-06 22:19:23,770 - INFO - 🔄 Обрабатываем: CF MAPLE.pdf
2025-07-06 22:19:23,776 - INFO - ✅ Готово: CF GRASS.pdf (1.12s)
2025-07-06 22:19:23,868 - INFO - 🔄 Обрабатываем: CF MUON NETW.pdf
2025-07-06 22:19:24,034 - INFO - ✅ Готово: CF MAPLE.pdf (0.23s)
2025-07-06 22:19:24,043 - INFO - 🔄 Обрабатываем: CF Ethfi 03-25.pdf
2025-07-06 22:19:24,119 - INFO - ✅ Готово: CF Celestia.pdf (0.44s)
2025-07-06 22:19:24,153 - INFO - ✅ Готово: CF WORLD COIN.pdf (0.93s)
2025-07-06 22:19:24,185 - INFO - 🔄 Обрабатываем: CF XX.pdf
2025-07-06 22:19:24,185 - INFO - 🔄 Обрабатываем: CF Oobit .pdf
2025-07-06 22:19:24,266 - INFO - ✅ Готово: CF MUON NETW.pdf (0.37s)
2025-07-06 22:19:24,267 - INFO - ✅ Готово: CF Ethfi 03-25.pdf (0.22s)
2025-07-06 22:19:24,268 - INFO - 🔄 Обрабатываем: CF CLOUD 03-25.pdf
2025-07-06 22:19:24,268 - INFO - 🔄 Обрабатываем: CF Wormhole.pdf
2025-07-06 22:19:24,268 - INFO - ✅ Готово: CF XX.pdf (0.08s)
2025-07-06 22:19:24,268 - INFO - ✅ Готово: CF Oobit .pdf (0.08s)
2025-07-06 22:19:24,335 - INFO - 🔄 Обрабатываем: CF Chainlink.pdf
2025-07-06 22:19:24,350 - INFO - 🔄 Обрабатываем: Celer CF.pdf
2025-07-06 22:19:24,469 - INFO - ✅ Готово: CF Wormhole.pdf (0.20s)
2025-07-06 22:19:24,469 - INFO - ✅ Готово: CF Chainlink.pdf (0.12s)
2025-07-06 22:19:24,469 - INFO - 🔄 Обрабатываем: CF Goldfinch.pdf
2025-07-06 22:19:24,469 - INFO - 🔄 Обрабатываем: CF HUMA.pdf
2025-07-06 22:19:24,514 - INFO - ✅ Готово: CF CLOUD 03-25.pdf (0.23s)
2025-07-06 22:19:24,562 - INFO - ✅ Готово: Celer CF.pdf (0.14s)
2025-07-06 22:19:24,582 - INFO - 🔄 Обрабатываем: CF CORE DAO.pdf
2025-07-06 22:19:24,582 - INFO - 🔄 Обрабатываем: CF HNT .pdf
2025-07-06 22:19:24,619 - INFO - ✅ Готово: CF Goldfinch.pdf (0.12s)
2025-07-06 22:19:24,700 - INFO - 🔄 Обрабатываем: CF SpaceMesh.pdf
2025-07-06 22:19:24,700 - INFO - ✅ Готово: CF HNT .pdf (0.11s)
2025-07-06 22:19:24,789 - INFO - 🔄 Обрабатываем: CF NFP .pdf
2025-07-06 22:19:24,795 - INFO - ✅ Готово: CF HUMA.pdf (0.32s)
2025-07-06 22:19:24,880 - INFO - ✅ Готово: CF SpaceMesh.pdf (0.15s)
2025-07-06 22:19:24,916 - INFO - 🔄 Обрабатываем: CF JTO.pdf
2025-07-06 22:19:24,929 - INFO - 🔄 Обрабатываем: CF Starknet 1.pdf
2025-07-06 22:19:25,136 - INFO - ✅ Готово: CF CORE DAO.pdf (0.51s)
2025-07-06 22:19:25,228 - INFO - 🔄 Обрабатываем: CF Magic Eden .pdf
2025-07-06 22:19:25,392 - INFO - ✅ Готово: CF NFP .pdf (0.56s)
2025-07-06 22:19:25,481 - INFO - 🔄 Обрабатываем: CF SOLIDUS.pdf
2025-07-06 22:19:25,487 - INFO - ✅ Готово: CF JTO.pdf (0.54s)
2025-07-06 22:19:25,575 - INFO - 🔄 Обрабатываем: CF Velodrome 19-25.pdf
2025-07-06 22:19:25,613 - INFO - ✅ Готово: CF Starknet 1.pdf (0.56s)
2025-07-06 22:19:25,662 - INFO - 🔄 Обрабатываем: CF QUANT .pdf
2025-07-06 22:19:25,752 - INFO - ✅ Готово: CF Magic Eden .pdf (0.47s)
2025-07-06 22:19:25,772 - INFO - 🔄 Обрабатываем: CF ALEO 01-25.pdf
2025-07-06 22:19:25,801 - INFO - ✅ Готово: CF Velodrome 19-25.pdf (0.18s)
2025-07-06 22:19:25,858 - INFO - 🔄 Обрабатываем: CF HBAR 2-03-2025.pdf
2025-07-06 22:19:25,932 - INFO - ✅ Готово: CF SOLIDUS.pdf (0.41s)
2025-07-06 22:19:25,987 - INFO - 🔄 Обрабатываем: CF SOFON NETW.pdf
2025-07-06 22:19:26,050 - INFO - ✅ Готово: CF QUANT .pdf (0.36s)
2025-07-06 22:19:26,094 - INFO - 🔄 Обрабатываем: CF KAMINO FIN.pdf
2025-07-06 22:19:26,125 - INFO - ✅ Готово: CF HBAR 2-03-2025.pdf (0.25s)
2025-07-06 22:19:26,137 - INFO - ✅ Готово: CF ALEO 01-25.pdf (0.32s)
2025-07-06 22:19:26,151 - INFO - 🔄 Обрабатываем: CF ENA 2025-06.pdf
2025-07-06 22:19:26,169 - INFO - 🔄 Обрабатываем: CF TRANCHESS.pdf
2025-07-06 22:19:26,303 - INFO - ✅ Готово: CF SOFON NETW.pdf (0.28s)
2025-07-06 22:19:26,310 - INFO - 🔄 Обрабатываем: CF Mantra.pdf
2025-07-06 22:19:26,415 - INFO - ✅ Готово: CF TRANCHESS.pdf (0.19s)
2025-07-06 22:19:26,463 - INFO - ✅ Готово: CF KAMINO FIN.pdf (0.34s)
2025-07-06 22:19:26,477 - INFO - 🔄 Обрабатываем: CF AKASH .pdf
2025-07-06 22:19:26,484 - INFO - ✅ Готово: CF Mantra.pdf (0.12s)
2025-07-06 22:19:26,491 - INFO - 🔄 Обрабатываем: Cf XION 03-25.pdf
2025-07-06 22:19:26,547 - INFO - 🔄 Обрабатываем: CF PALM.pdf
2025-07-06 22:19:26,674 - INFO - ✅ Готово: CF ENA 2025-06.pdf (0.47s)
2025-07-06 22:19:26,696 - INFO - 🔄 Обрабатываем: CF Eternal AI .pdf
2025-07-06 22:19:27,023 - INFO - ✅ Готово: CF AKASH .pdf (0.52s)
2025-07-06 22:19:27,039 - INFO - 🔄 Обрабатываем: CF Avax 03-25.pdf
2025-07-06 22:19:27,046 - INFO - ✅ Готово: Cf XION 03-25.pdf (0.51s)
2025-07-06 22:19:27,060 - INFO - ✅ Готово: CF PALM.pdf (0.48s)
2025-07-06 22:19:27,080 - INFO - ✅ Готово: CF Eternal AI .pdf (0.37s)
2025-07-06 22:19:27,086 - INFO - 🔄 Обрабатываем: CF RENDER 06-25.pdf
2025-07-06 22:19:27,100 - INFO - 🔄 Обрабатываем: CF VIRTUALS .pdf
2025-07-06 22:19:27,107 - INFO - 🔄 Обрабатываем: CF Ether.fi.pdf
2025-07-06 22:19:27,280 - INFO - ✅ Готово: CF Avax 03-25.pdf (0.21s)
2025-07-06 22:19:27,376 - INFO - 🔄 Обрабатываем: CF PYTH 03-03.pdf
2025-07-06 22:19:27,391 - INFO - ✅ Готово: CF Ether.fi.pdf (0.25s)
2025-07-06 22:19:27,457 - INFO - 🔄 Обрабатываем: CF CORTEX .pdf
2025-07-06 22:19:27,567 - INFO - ✅ Готово: CF RENDER 06-25.pdf (0.47s)
2025-07-06 22:19:27,592 - INFO - 🔄 Обрабатываем: CF COSMOS .pdf
2025-07-06 22:19:27,694 - INFO - ✅ Готово: CF VIRTUALS .pdf (0.52s)
2025-07-06 22:19:27,701 - INFO - 🔄 Обрабатываем: CF TARS AI.pdf
2025-07-06 22:19:27,805 - INFO - ✅ Готово: CF PYTH 03-03.pdf (0.36s)
2025-07-06 22:19:27,828 - INFO - ✅ Готово: CF COSMOS .pdf (0.21s)
2025-07-06 22:19:27,829 - INFO - ✅ Готово: CF CORTEX .pdf (0.34s)
2025-07-06 22:19:27,829 - INFO - 🔄 Обрабатываем: CF YGG.pdf
2025-07-06 22:19:27,829 - INFO - 🔄 Обрабатываем: CF AEVO .pdf
2025-07-06 22:19:27,844 - INFO - 🔄 Обрабатываем: CF ORCA 03-25.pdf
2025-07-06 22:19:27,864 - INFO - ✅ Готово: CF TARS AI.pdf (0.16s)
2025-07-06 22:19:27,923 - INFO - 🔄 Обрабатываем: CF ZRO 02-03.pdf
2025-07-06 22:19:27,997 - INFO - ✅ Готово: CF YGG.pdf (0.14s)
2025-07-06 22:19:28,063 - INFO - 🔄 Обрабатываем: CF KAITO .pdf
2025-07-06 22:19:28,224 - INFO - ✅ Готово: CF AEVO .pdf (0.32s)
2025-07-06 22:19:28,301 - INFO - 🔄 Обрабатываем: CF BOBA NETWORK.pdf
2025-07-06 22:19:28,301 - INFO - ✅ Готово: CF ORCA 03-25.pdf (0.44s)
2025-07-06 22:19:28,402 - INFO - 🔄 Обрабатываем: CF LAGRANGE.pdf
2025-07-06 22:19:28,423 - INFO - ✅ Готово: CF ZRO 02-03.pdf (0.49s)
2025-07-06 22:19:28,456 - INFO - ✅ Готово: CF BOBA NETWORK.pdf (0.11s)
2025-07-06 22:19:28,477 - INFO - 🔄 Обрабатываем: CF wallrus.pdf
2025-07-06 22:19:28,526 - INFO - 🔄 Обрабатываем: CF INITIA .pdf
2025-07-06 22:19:28,643 - INFO - ✅ Готово: CF KAITO .pdf (0.54s)
2025-07-06 22:19:28,742 - INFO - 🔄 Обрабатываем: CF Conflux.pdf
2025-07-06 22:19:28,950 - INFO - ✅ Готово: CF LAGRANGE.pdf (0.49s)
2025-07-06 22:19:28,951 - INFO - ✅ Готово: CF Conflux.pdf (0.21s)
2025-07-06 22:19:28,951 - INFO - 🔄 Обрабатываем: CF ZKSync.pdf
2025-07-06 22:19:28,958 - INFO - 🔄 Обрабатываем: CF Mantle 03-25.pdf
2025-07-06 22:19:28,958 - INFO - ✅ Готово: CF wallrus.pdf (0.47s)
2025-07-06 22:19:29,002 - INFO - ✅ Готово: CF INITIA .pdf (0.43s)
2025-07-06 22:19:29,057 - INFO - 🔄 Обрабатываем: CF POLYHEDRA 03-25.pdf
2025-07-06 22:19:29,312 - INFO - ✅ Готово: CF ZKSync.pdf (0.36s)
2025-07-06 22:19:29,312 - INFO - ✅ Готово: CF Mantle 03-25.pdf (0.33s)
2025-07-06 22:19:29,312 - INFO - ✅ Готово: CF POLYHEDRA 03-25.pdf (0.22s)
2025-07-06 22:19:29,345 - INFO - 📊 Отчет сохранен: output/conversion_report.json
